<?xml version="1.0" encoding="utf-8"?>
<shfbBuild product="Sandcastle Help File Builder" version="1.9.8.0" projectFile="D:\_Projets\Navegar\_Sources\Documentation\Navegar.Win8\Navegar.Win8.shfbproj" started="25/04/2014 20:45:11">
<buildStep step="Initializing">
Finding tools...
Found Sandcastle tools in &#39;C:\Program Files (x86)\Sandcastle\&#39;
Found HTML Help 1 compiler in &#39;C:\Program Files (x86)\HTML Help Workshop\&#39;
</buildStep>
<buildStep step="ValidatingDocumentationSources">
Validating and copying documentation source information
Source: D:\_Projets\Navegar\_Sources\NavegarLib\Navegar.Win8\Navegar.Win8.csproj
    Found project &#39;D:\_Projets\Navegar\_Sources\NavegarLib\Navegar.Win8\Navegar.Win8.csproj&#39;

Parsing project files
    Found assembly &#39;D:\_Projets\Navegar\_Sources\NavegarLib\Navegar.Win8\bin\Release\Navegar.Win8.dll&#39;

References to include (excluding framework assemblies):
    GalaSoft.MvvmLight.Extras.Win8, Version=4.3.31.28708, Culture=neutral, PublicKeyToken=33a77f5c33c10a68, processorArchitecture=MSIL
    GalaSoft.MvvmLight.Win8, Version=4.3.31.28708, Culture=neutral, PublicKeyToken=7f0ea4153a3589fc, processorArchitecture=MSIL
    Microsoft.Practices.ServiceLocation, Version=1.0.0.0, Culture=neutral, PublicKeyToken=619affe60327fc48, processorArchitecture=MSIL

Copying XML comments files
    D:\_Projets\Navegar\_Sources\NavegarLib\Navegar.Win8\bin\Release\Navegar.Win8.XML -&gt; D:\_Projets\Navegar\_Sources\Documentation\Navegar.Win8\Help\Working\Navegar.Win8.XML
</buildStep>
<buildStep step="GenerateSharedContent">
Generating shared content files (fr-FR, Fran&#231;ais (France))...
SHFB: Warning BE0003: Sandcastle shared content for the &#39;fr-FR, Fran&#231;ais (France)&#39; language could not be found.  Using &#39;en-US, English (US)&#39; defaults.
    Last step completed in 00:00:00.0045
</buildStep>
<buildStep step="GenerateApiFilter">
Generating API filter for MRefBuilder...
    Last step completed in 00:00:00.0035
</buildStep>
<buildStep step="GenerateReflectionInfo">
Generating reflection information...
[C:\Program Files (x86)\MSBuild\12.0\bin\MSBuild.exe]
  MRefBuilder (v2.7.4.0)
  Copyright &#184; 2006-2013, Microsoft Corporation, All Rights Reserved.
  Portions Copyright &#184; 2006-2013, Eric Woodruff, All Rights Reserved.
  Info: Loaded 1 assemblies for reflection and 3 dependency assemblies.
  Info: Wrote information on 1 namespaces, 9 types, and 43 members
  XslTransform (v2.7.4.0)
  Copyright &#184; 2006-2013, Microsoft Corporation, All Rights Reserved.
  Portions Copyright &#184; 2006-2013, Eric Woodruff, All Rights Reserved.
  Info: Applying XSL transformation &#39;C:\Program Files (x86)\Sandcastle\ProductionTransforms\MergeDuplicates.xsl&#39;.
    Last step completed in 00:00:01.7757
</buildStep>
<buildStep step="GenerateNamespaceSummaries">
Generating namespace summary information...
    Last step completed in 00:00:00.0000
</buildStep>
<buildStep step="ApplyVisibilityProperties">
Applying visibility properties to reflection information file
    0 attribute nodes removed
    0 explicit interface implementations removed
    0 local and base class EII elements removed
    77 inherited member elements removed
    Last step completed in 00:00:00.5646
</buildStep>
<buildStep step="TransformReflectionInfo">
Transforming reflection output...
[C:\Program Files (x86)\MSBuild\12.0\bin\MSBuild.exe]
  XslTransform (v2.7.4.0)
  Copyright &#184; 2006-2013, Microsoft Corporation, All Rights Reserved.
  Portions Copyright &#184; 2006-2013, Eric Woodruff, All Rights Reserved.
  Info: Applying XSL transformation &#39;C:\Program Files (x86)\Sandcastle\\ProductionTransforms\ApplyVSDocModel.xsl&#39;.
  Info: Applying XSL transformation &#39;C:\Program Files (x86)\Sandcastle\ProductionTransforms\AddFilenames.xsl&#39;.
  XslTransform (v2.7.4.0)
  Copyright &#184; 2006-2013, Microsoft Corporation, All Rights Reserved.
  Portions Copyright &#184; 2006-2013, Eric Woodruff, All Rights Reserved.
  Info: Applying XSL transformation &#39;C:\Program Files (x86)\Sandcastle\ProductionTransforms\ReflectionToManifest.xsl&#39;.
Copying help branding files...
C:\Program Files (x86)\Sandcastle\\Presentation\VS2010\branding\dev10.mshc -&gt; D:\_Projets\Navegar\_Sources\Documentation\Navegar.Win8\Help\Working\Output\HtmlHelp1\branding\
C:\Program Files (x86)\Sandcastle\\Presentation\VS2010\branding\dev10.mshc -&gt; D:\_Projets\Navegar\_Sources\Documentation\Navegar.Win8\Help\Working\branding
    C:\Program Files (x86)\Sandcastle\\Presentation\VS2010\branding\dev10.mshc/body.xslt -> D:\_Projets\Navegar\_Sources\Documentation\Navegar.Win8\Help\Working\branding\body.xslt
    C:\Program Files (x86)\Sandcastle\\Presentation\VS2010\branding\dev10.mshc/head.xslt -> D:\_Projets\Navegar\_Sources\Documentation\Navegar.Win8\Help\Working\branding\head.xslt
    C:\Program Files (x86)\Sandcastle\\Presentation\VS2010\branding\dev10.mshc/CodeSnippet.xslt -> D:\_Projets\Navegar\_Sources\Documentation\Navegar.Win8\Help\Working\branding\CodeSnippet.xslt
    C:\Program Files (x86)\Sandcastle\\Presentation\VS2010\branding\dev10.mshc/codesnippet-cs-CZ.xslt -> D:\_Projets\Navegar\_Sources\Documentation\Navegar.Win8\Help\Working\branding\codesnippet-cs-CZ.xslt
    C:\Program Files (x86)\Sandcastle\\Presentation\VS2010\branding\dev10.mshc/codesnippet-de-DE.xslt -> D:\_Projets\Navegar\_Sources\Documentation\Navegar.Win8\Help\Working\branding\codesnippet-de-DE.xslt
    C:\Program Files (x86)\Sandcastle\\Presentation\VS2010\branding\dev10.mshc/codesnippet-en-US.xslt -> D:\_Projets\Navegar\_Sources\Documentation\Navegar.Win8\Help\Working\branding\codesnippet-en-US.xslt
    C:\Program Files (x86)\Sandcastle\\Presentation\VS2010\branding\dev10.mshc/codesnippet-es-ES.xslt -> D:\_Projets\Navegar\_Sources\Documentation\Navegar.Win8\Help\Working\branding\codesnippet-es-ES.xslt
    C:\Program Files (x86)\Sandcastle\\Presentation\VS2010\branding\dev10.mshc/codesnippet-fr-FR.xslt -> D:\_Projets\Navegar\_Sources\Documentation\Navegar.Win8\Help\Working\branding\codesnippet-fr-FR.xslt
    C:\Program Files (x86)\Sandcastle\\Presentation\VS2010\branding\dev10.mshc/codesnippet-it-IT.xslt -> D:\_Projets\Navegar\_Sources\Documentation\Navegar.Win8\Help\Working\branding\codesnippet-it-IT.xslt
    C:\Program Files (x86)\Sandcastle\\Presentation\VS2010\branding\dev10.mshc/codesnippet-ja-JP.xslt -> D:\_Projets\Navegar\_Sources\Documentation\Navegar.Win8\Help\Working\branding\codesnippet-ja-JP.xslt
    C:\Program Files (x86)\Sandcastle\\Presentation\VS2010\branding\dev10.mshc/codesnippet-ko-KR.xslt -> D:\_Projets\Navegar\_Sources\Documentation\Navegar.Win8\Help\Working\branding\codesnippet-ko-KR.xslt
    C:\Program Files (x86)\Sandcastle\\Presentation\VS2010\branding\dev10.mshc/codesnippet-pl-PL.xslt -> D:\_Projets\Navegar\_Sources\Documentation\Navegar.Win8\Help\Working\branding\codesnippet-pl-PL.xslt
    C:\Program Files (x86)\Sandcastle\\Presentation\VS2010\branding\dev10.mshc/codesnippet-pt-BR.xslt -> D:\_Projets\Navegar\_Sources\Documentation\Navegar.Win8\Help\Working\branding\codesnippet-pt-BR.xslt
    C:\Program Files (x86)\Sandcastle\\Presentation\VS2010\branding\dev10.mshc/codesnippet-ru-RU.xslt -> D:\_Projets\Navegar\_Sources\Documentation\Navegar.Win8\Help\Working\branding\codesnippet-ru-RU.xslt
    C:\Program Files (x86)\Sandcastle\\Presentation\VS2010\branding\dev10.mshc/codesnippet-tr-TR.xslt -> D:\_Projets\Navegar\_Sources\Documentation\Navegar.Win8\Help\Working\branding\codesnippet-tr-TR.xslt
    C:\Program Files (x86)\Sandcastle\\Presentation\VS2010\branding\dev10.mshc/codesnippet-zh-CN.xslt -> D:\_Projets\Navegar\_Sources\Documentation\Navegar.Win8\Help\Working\branding\codesnippet-zh-CN.xslt
    C:\Program Files (x86)\Sandcastle\\Presentation\VS2010\branding\dev10.mshc/codesnippet-zh-TW.xslt -> D:\_Projets\Navegar\_Sources\Documentation\Navegar.Win8\Help\Working\branding\codesnippet-zh-TW.xslt
    C:\Program Files (x86)\Sandcastle\\Presentation\VS2010\branding\dev10.mshc/Identity.xslt -> D:\_Projets\Navegar\_Sources\Documentation\Navegar.Win8\Help\Working\branding\Identity.xslt
    C:\Program Files (x86)\Sandcastle\\Presentation\VS2010\branding\dev10.mshc/InstrumentedLink.xslt -> D:\_Projets\Navegar\_Sources\Documentation\Navegar.Win8\Help\Working\branding\InstrumentedLink.xslt
    C:\Program Files (x86)\Sandcastle\\Presentation\VS2010\branding\dev10.mshc/instrumentedlink-cs-CZ.xslt -> D:\_Projets\Navegar\_Sources\Documentation\Navegar.Win8\Help\Working\branding\instrumentedlink-cs-CZ.xslt
    C:\Program Files (x86)\Sandcastle\\Presentation\VS2010\branding\dev10.mshc/instrumentedlink-de-DE.xslt -> D:\_Projets\Navegar\_Sources\Documentation\Navegar.Win8\Help\Working\branding\instrumentedlink-de-DE.xslt
    C:\Program Files (x86)\Sandcastle\\Presentation\VS2010\branding\dev10.mshc/instrumentedlink-en-US.xslt -> D:\_Projets\Navegar\_Sources\Documentation\Navegar.Win8\Help\Working\branding\instrumentedlink-en-US.xslt
    C:\Program Files (x86)\Sandcastle\\Presentation\VS2010\branding\dev10.mshc/instrumentedlink-es-ES.xslt -> D:\_Projets\Navegar\_Sources\Documentation\Navegar.Win8\Help\Working\branding\instrumentedlink-es-ES.xslt
    C:\Program Files (x86)\Sandcastle\\Presentation\VS2010\branding\dev10.mshc/instrumentedlink-fr-FR.xslt -> D:\_Projets\Navegar\_Sources\Documentation\Navegar.Win8\Help\Working\branding\instrumentedlink-fr-FR.xslt
    C:\Program Files (x86)\Sandcastle\\Presentation\VS2010\branding\dev10.mshc/instrumentedlink-it-IT.xslt -> D:\_Projets\Navegar\_Sources\Documentation\Navegar.Win8\Help\Working\branding\instrumentedlink-it-IT.xslt
    C:\Program Files (x86)\Sandcastle\\Presentation\VS2010\branding\dev10.mshc/instrumentedlink-ja-JP.xslt -> D:\_Projets\Navegar\_Sources\Documentation\Navegar.Win8\Help\Working\branding\instrumentedlink-ja-JP.xslt
    C:\Program Files (x86)\Sandcastle\\Presentation\VS2010\branding\dev10.mshc/instrumentedlink-ko-KR.xslt -> D:\_Projets\Navegar\_Sources\Documentation\Navegar.Win8\Help\Working\branding\instrumentedlink-ko-KR.xslt
    C:\Program Files (x86)\Sandcastle\\Presentation\VS2010\branding\dev10.mshc/instrumentedlink-pl-PL.xslt -> D:\_Projets\Navegar\_Sources\Documentation\Navegar.Win8\Help\Working\branding\instrumentedlink-pl-PL.xslt
    C:\Program Files (x86)\Sandcastle\\Presentation\VS2010\branding\dev10.mshc/instrumentedlink-pt-BR.xslt -> D:\_Projets\Navegar\_Sources\Documentation\Navegar.Win8\Help\Working\branding\instrumentedlink-pt-BR.xslt
    C:\Program Files (x86)\Sandcastle\\Presentation\VS2010\branding\dev10.mshc/instrumentedlink-ru-RU.xslt -> D:\_Projets\Navegar\_Sources\Documentation\Navegar.Win8\Help\Working\branding\instrumentedlink-ru-RU.xslt
    C:\Program Files (x86)\Sandcastle\\Presentation\VS2010\branding\dev10.mshc/instrumentedlink-tr-TR.xslt -> D:\_Projets\Navegar\_Sources\Documentation\Navegar.Win8\Help\Working\branding\instrumentedlink-tr-TR.xslt
    C:\Program Files (x86)\Sandcastle\\Presentation\VS2010\branding\dev10.mshc/instrumentedlink-zh-CN.xslt -> D:\_Projets\Navegar\_Sources\Documentation\Navegar.Win8\Help\Working\branding\instrumentedlink-zh-CN.xslt
    C:\Program Files (x86)\Sandcastle\\Presentation\VS2010\branding\dev10.mshc/instrumentedlink-zh-TW.xslt -> D:\_Projets\Navegar\_Sources\Documentation\Navegar.Win8\Help\Working\branding\instrumentedlink-zh-TW.xslt
    C:\Program Files (x86)\Sandcastle\\Presentation\VS2010\branding\dev10.mshc/LanguageSpecificText.xslt -> D:\_Projets\Navegar\_Sources\Documentation\Navegar.Win8\Help\Working\branding\LanguageSpecificText.xslt
    C:\Program Files (x86)\Sandcastle\\Presentation\VS2010\branding\dev10.mshc/MultiViewTable.xslt -> D:\_Projets\Navegar\_Sources\Documentation\Navegar.Win8\Help\Working\branding\MultiViewTable.xslt
    C:\Program Files (x86)\Sandcastle\\Presentation\VS2010\branding\dev10.mshc/MultiViewTable-cs-CZ.xslt -> D:\_Projets\Navegar\_Sources\Documentation\Navegar.Win8\Help\Working\branding\MultiViewTable-cs-CZ.xslt
    C:\Program Files (x86)\Sandcastle\\Presentation\VS2010\branding\dev10.mshc/MultiViewTable-de-DE.xslt -> D:\_Projets\Navegar\_Sources\Documentation\Navegar.Win8\Help\Working\branding\MultiViewTable-de-DE.xslt
    C:\Program Files (x86)\Sandcastle\\Presentation\VS2010\branding\dev10.mshc/MultiViewTable-en-US.xslt -> D:\_Projets\Navegar\_Sources\Documentation\Navegar.Win8\Help\Working\branding\MultiViewTable-en-US.xslt
    C:\Program Files (x86)\Sandcastle\\Presentation\VS2010\branding\dev10.mshc/MultiViewTable-es-ES.xslt -> D:\_Projets\Navegar\_Sources\Documentation\Navegar.Win8\Help\Working\branding\MultiViewTable-es-ES.xslt
    C:\Program Files (x86)\Sandcastle\\Presentation\VS2010\branding\dev10.mshc/MultiViewTable-fr-FR.xslt -> D:\_Projets\Navegar\_Sources\Documentation\Navegar.Win8\Help\Working\branding\MultiViewTable-fr-FR.xslt
    C:\Program Files (x86)\Sandcastle\\Presentation\VS2010\branding\dev10.mshc/MultiViewTable-it-IT.xslt -> D:\_Projets\Navegar\_Sources\Documentation\Navegar.Win8\Help\Working\branding\MultiViewTable-it-IT.xslt
    C:\Program Files (x86)\Sandcastle\\Presentation\VS2010\branding\dev10.mshc/MultiViewTable-ja-JP.xslt -> D:\_Projets\Navegar\_Sources\Documentation\Navegar.Win8\Help\Working\branding\MultiViewTable-ja-JP.xslt
    C:\Program Files (x86)\Sandcastle\\Presentation\VS2010\branding\dev10.mshc/MultiViewTable-ko-KR.xslt -> D:\_Projets\Navegar\_Sources\Documentation\Navegar.Win8\Help\Working\branding\MultiViewTable-ko-KR.xslt
    C:\Program Files (x86)\Sandcastle\\Presentation\VS2010\branding\dev10.mshc/MultiViewTable-pl-PL.xslt -> D:\_Projets\Navegar\_Sources\Documentation\Navegar.Win8\Help\Working\branding\MultiViewTable-pl-PL.xslt
    C:\Program Files (x86)\Sandcastle\\Presentation\VS2010\branding\dev10.mshc/MultiViewTable-pt-BR.xslt -> D:\_Projets\Navegar\_Sources\Documentation\Navegar.Win8\Help\Working\branding\MultiViewTable-pt-BR.xslt
    C:\Program Files (x86)\Sandcastle\\Presentation\VS2010\branding\dev10.mshc/MultiViewTable-ru-RU.xslt -> D:\_Projets\Navegar\_Sources\Documentation\Navegar.Win8\Help\Working\branding\MultiViewTable-ru-RU.xslt
    C:\Program Files (x86)\Sandcastle\\Presentation\VS2010\branding\dev10.mshc/MultiViewTable-tr-TR.xslt -> D:\_Projets\Navegar\_Sources\Documentation\Navegar.Win8\Help\Working\branding\MultiViewTable-tr-TR.xslt
    C:\Program Files (x86)\Sandcastle\\Presentation\VS2010\branding\dev10.mshc/MultiViewTable-zh-CN.xslt -> D:\_Projets\Navegar\_Sources\Documentation\Navegar.Win8\Help\Working\branding\MultiViewTable-zh-CN.xslt
    C:\Program Files (x86)\Sandcastle\\Presentation\VS2010\branding\dev10.mshc/MultiViewTable-zh-TW.xslt -> D:\_Projets\Navegar\_Sources\Documentation\Navegar.Win8\Help\Working\branding\MultiViewTable-zh-TW.xslt
    C:\Program Files (x86)\Sandcastle\\Presentation\VS2010\branding\dev10.mshc/index.xslt -> D:\_Projets\Navegar\_Sources\Documentation\Navegar.Win8\Help\Working\branding\index.xslt
    C:\Program Files (x86)\Sandcastle\\Presentation\VS2010\branding\dev10.mshc/index-cs-CZ.xslt -> D:\_Projets\Navegar\_Sources\Documentation\Navegar.Win8\Help\Working\branding\index-cs-CZ.xslt
    C:\Program Files (x86)\Sandcastle\\Presentation\VS2010\branding\dev10.mshc/index-de-DE.xslt -> D:\_Projets\Navegar\_Sources\Documentation\Navegar.Win8\Help\Working\branding\index-de-DE.xslt
    C:\Program Files (x86)\Sandcastle\\Presentation\VS2010\branding\dev10.mshc/index-en-US.xslt -> D:\_Projets\Navegar\_Sources\Documentation\Navegar.Win8\Help\Working\branding\index-en-US.xslt
    C:\Program Files (x86)\Sandcastle\\Presentation\VS2010\branding\dev10.mshc/index-es-ES.xslt -> D:\_Projets\Navegar\_Sources\Documentation\Navegar.Win8\Help\Working\branding\index-es-ES.xslt
    C:\Program Files (x86)\Sandcastle\\Presentation\VS2010\branding\dev10.mshc/index-fr-FR.xslt -> D:\_Projets\Navegar\_Sources\Documentation\Navegar.Win8\Help\Working\branding\index-fr-FR.xslt
    C:\Program Files (x86)\Sandcastle\\Presentation\VS2010\branding\dev10.mshc/index-it-IT.xslt -> D:\_Projets\Navegar\_Sources\Documentation\Navegar.Win8\Help\Working\branding\index-it-IT.xslt
    C:\Program Files (x86)\Sandcastle\\Presentation\VS2010\branding\dev10.mshc/index-ja-JP.xslt -> D:\_Projets\Navegar\_Sources\Documentation\Navegar.Win8\Help\Working\branding\index-ja-JP.xslt
    C:\Program Files (x86)\Sandcastle\\Presentation\VS2010\branding\dev10.mshc/index-ko-KR.xslt -> D:\_Projets\Navegar\_Sources\Documentation\Navegar.Win8\Help\Working\branding\index-ko-KR.xslt
    C:\Program Files (x86)\Sandcastle\\Presentation\VS2010\branding\dev10.mshc/index-pl-PL.xslt -> D:\_Projets\Navegar\_Sources\Documentation\Navegar.Win8\Help\Working\branding\index-pl-PL.xslt
    C:\Program Files (x86)\Sandcastle\\Presentation\VS2010\branding\dev10.mshc/index-pt-BR.xslt -> D:\_Projets\Navegar\_Sources\Documentation\Navegar.Win8\Help\Working\branding\index-pt-BR.xslt
    C:\Program Files (x86)\Sandcastle\\Presentation\VS2010\branding\dev10.mshc/index-ru-RU.xslt -> D:\_Projets\Navegar\_Sources\Documentation\Navegar.Win8\Help\Working\branding\index-ru-RU.xslt
    C:\Program Files (x86)\Sandcastle\\Presentation\VS2010\branding\dev10.mshc/index-tr-TR.xslt -> D:\_Projets\Navegar\_Sources\Documentation\Navegar.Win8\Help\Working\branding\index-tr-TR.xslt
    C:\Program Files (x86)\Sandcastle\\Presentation\VS2010\branding\dev10.mshc/index-zh-CN.xslt -> D:\_Projets\Navegar\_Sources\Documentation\Navegar.Win8\Help\Working\branding\index-zh-CN.xslt
    C:\Program Files (x86)\Sandcastle\\Presentation\VS2010\branding\dev10.mshc/index-zh-TW.xslt -> D:\_Projets\Navegar\_Sources\Documentation\Navegar.Win8\Help\Working\branding\index-zh-TW.xslt
    C:\Program Files (x86)\Sandcastle\\Presentation\VS2010\branding\dev10.mshc/search.xslt -> D:\_Projets\Navegar\_Sources\Documentation\Navegar.Win8\Help\Working\branding\search.xslt
    C:\Program Files (x86)\Sandcastle\\Presentation\VS2010\branding\dev10.mshc/search-cs-CZ.xslt -> D:\_Projets\Navegar\_Sources\Documentation\Navegar.Win8\Help\Working\branding\search-cs-CZ.xslt
    C:\Program Files (x86)\Sandcastle\\Presentation\VS2010\branding\dev10.mshc/search-de-DE.xslt -> D:\_Projets\Navegar\_Sources\Documentation\Navegar.Win8\Help\Working\branding\search-de-DE.xslt
    C:\Program Files (x86)\Sandcastle\\Presentation\VS2010\branding\dev10.mshc/search-en-US.xslt -> D:\_Projets\Navegar\_Sources\Documentation\Navegar.Win8\Help\Working\branding\search-en-US.xslt
    C:\Program Files (x86)\Sandcastle\\Presentation\VS2010\branding\dev10.mshc/search-es-ES.xslt -> D:\_Projets\Navegar\_Sources\Documentation\Navegar.Win8\Help\Working\branding\search-es-ES.xslt
    C:\Program Files (x86)\Sandcastle\\Presentation\VS2010\branding\dev10.mshc/search-fr-FR.xslt -> D:\_Projets\Navegar\_Sources\Documentation\Navegar.Win8\Help\Working\branding\search-fr-FR.xslt
    C:\Program Files (x86)\Sandcastle\\Presentation\VS2010\branding\dev10.mshc/search-it-IT.xslt -> D:\_Projets\Navegar\_Sources\Documentation\Navegar.Win8\Help\Working\branding\search-it-IT.xslt
    C:\Program Files (x86)\Sandcastle\\Presentation\VS2010\branding\dev10.mshc/search-ja-JP.xslt -> D:\_Projets\Navegar\_Sources\Documentation\Navegar.Win8\Help\Working\branding\search-ja-JP.xslt
    C:\Program Files (x86)\Sandcastle\\Presentation\VS2010\branding\dev10.mshc/search-ko-KR.xslt -> D:\_Projets\Navegar\_Sources\Documentation\Navegar.Win8\Help\Working\branding\search-ko-KR.xslt
    C:\Program Files (x86)\Sandcastle\\Presentation\VS2010\branding\dev10.mshc/search-pl-PL.xslt -> D:\_Projets\Navegar\_Sources\Documentation\Navegar.Win8\Help\Working\branding\search-pl-PL.xslt
    C:\Program Files (x86)\Sandcastle\\Presentation\VS2010\branding\dev10.mshc/search-pt-BR.xslt -> D:\_Projets\Navegar\_Sources\Documentation\Navegar.Win8\Help\Working\branding\search-pt-BR.xslt
    C:\Program Files (x86)\Sandcastle\\Presentation\VS2010\branding\dev10.mshc/search-ru-RU.xslt -> D:\_Projets\Navegar\_Sources\Documentation\Navegar.Win8\Help\Working\branding\search-ru-RU.xslt
    C:\Program Files (x86)\Sandcastle\\Presentation\VS2010\branding\dev10.mshc/search-tr-TR.xslt -> D:\_Projets\Navegar\_Sources\Documentation\Navegar.Win8\Help\Working\branding\search-tr-TR.xslt
    C:\Program Files (x86)\Sandcastle\\Presentation\VS2010\branding\dev10.mshc/search-zh-CN.xslt -> D:\_Projets\Navegar\_Sources\Documentation\Navegar.Win8\Help\Working\branding\search-zh-CN.xslt
    C:\Program Files (x86)\Sandcastle\\Presentation\VS2010\branding\dev10.mshc/search-zh-TW.xslt -> D:\_Projets\Navegar\_Sources\Documentation\Navegar.Win8\Help\Working\branding\search-zh-TW.xslt
    C:\Program Files (x86)\Sandcastle\\Presentation\VS2010\branding\dev10.mshc/toc.xslt -> D:\_Projets\Navegar\_Sources\Documentation\Navegar.Win8\Help\Working\branding\toc.xslt
    C:\Program Files (x86)\Sandcastle\\Presentation\VS2010\branding\dev10.mshc/toc-cs-CZ.xslt -> D:\_Projets\Navegar\_Sources\Documentation\Navegar.Win8\Help\Working\branding\toc-cs-CZ.xslt
    C:\Program Files (x86)\Sandcastle\\Presentation\VS2010\branding\dev10.mshc/toc-de-DE.xslt -> D:\_Projets\Navegar\_Sources\Documentation\Navegar.Win8\Help\Working\branding\toc-de-DE.xslt
    C:\Program Files (x86)\Sandcastle\\Presentation\VS2010\branding\dev10.mshc/toc-en-US.xslt -> D:\_Projets\Navegar\_Sources\Documentation\Navegar.Win8\Help\Working\branding\toc-en-US.xslt
    C:\Program Files (x86)\Sandcastle\\Presentation\VS2010\branding\dev10.mshc/toc-es-ES.xslt -> D:\_Projets\Navegar\_Sources\Documentation\Navegar.Win8\Help\Working\branding\toc-es-ES.xslt
    C:\Program Files (x86)\Sandcastle\\Presentation\VS2010\branding\dev10.mshc/toc-fr-FR.xslt -> D:\_Projets\Navegar\_Sources\Documentation\Navegar.Win8\Help\Working\branding\toc-fr-FR.xslt
    C:\Program Files (x86)\Sandcastle\\Presentation\VS2010\branding\dev10.mshc/toc-it-IT.xslt -> D:\_Projets\Navegar\_Sources\Documentation\Navegar.Win8\Help\Working\branding\toc-it-IT.xslt
    C:\Program Files (x86)\Sandcastle\\Presentation\VS2010\branding\dev10.mshc/toc-ja-JP.xslt -> D:\_Projets\Navegar\_Sources\Documentation\Navegar.Win8\Help\Working\branding\toc-ja-JP.xslt
    C:\Program Files (x86)\Sandcastle\\Presentation\VS2010\branding\dev10.mshc/toc-ko-KR.xslt -> D:\_Projets\Navegar\_Sources\Documentation\Navegar.Win8\Help\Working\branding\toc-ko-KR.xslt
    C:\Program Files (x86)\Sandcastle\\Presentation\VS2010\branding\dev10.mshc/toc-pl-PL.xslt -> D:\_Projets\Navegar\_Sources\Documentation\Navegar.Win8\Help\Working\branding\toc-pl-PL.xslt
    C:\Program Files (x86)\Sandcastle\\Presentation\VS2010\branding\dev10.mshc/toc-pt-BR.xslt -> D:\_Projets\Navegar\_Sources\Documentation\Navegar.Win8\Help\Working\branding\toc-pt-BR.xslt
    C:\Program Files (x86)\Sandcastle\\Presentation\VS2010\branding\dev10.mshc/toc-ru-RU.xslt -> D:\_Projets\Navegar\_Sources\Documentation\Navegar.Win8\Help\Working\branding\toc-ru-RU.xslt
    C:\Program Files (x86)\Sandcastle\\Presentation\VS2010\branding\dev10.mshc/toc-tr-TR.xslt -> D:\_Projets\Navegar\_Sources\Documentation\Navegar.Win8\Help\Working\branding\toc-tr-TR.xslt
    C:\Program Files (x86)\Sandcastle\\Presentation\VS2010\branding\dev10.mshc/toc-zh-CN.xslt -> D:\_Projets\Navegar\_Sources\Documentation\Navegar.Win8\Help\Working\branding\toc-zh-CN.xslt
    C:\Program Files (x86)\Sandcastle\\Presentation\VS2010\branding\dev10.mshc/toc-zh-TW.xslt -> D:\_Projets\Navegar\_Sources\Documentation\Navegar.Win8\Help\Working\branding\toc-zh-TW.xslt
C:\Program Files (x86)\Sandcastle\\Presentation\VS2010\branding -&gt; D:\_Projets\Navegar\_Sources\Documentation\Navegar.Win8\Help\Working\Output\HtmlHelp1\branding\
C:\Program Files (x86)\Sandcastle\\Presentation\VS2010\branding -&gt; D:\_Projets\Navegar\_Sources\Documentation\Navegar.Win8\Help\Working\branding
    C:\Program Files (x86)\Sandcastle\Presentation\VS2010\branding\branding.xml -> D:\_Projets\Navegar\_Sources\Documentation\Navegar.Win8\Help\Working\branding\branding.xml
    C:\Program Files (x86)\Sandcastle\Presentation\VS2010\branding\branding.xslt -> D:\_Projets\Navegar\_Sources\Documentation\Navegar.Win8\Help\Working\branding\branding.xslt
    C:\Program Files (x86)\Sandcastle\Presentation\VS2010\branding\branding-cs-CZ.xslt -> D:\_Projets\Navegar\_Sources\Documentation\Navegar.Win8\Help\Working\branding\branding-cs-CZ.xslt
    C:\Program Files (x86)\Sandcastle\Presentation\VS2010\branding\branding-de-DE.xslt -> D:\_Projets\Navegar\_Sources\Documentation\Navegar.Win8\Help\Working\branding\branding-de-DE.xslt
    C:\Program Files (x86)\Sandcastle\Presentation\VS2010\branding\branding-en-US.xslt -> D:\_Projets\Navegar\_Sources\Documentation\Navegar.Win8\Help\Working\branding\branding-en-US.xslt
    C:\Program Files (x86)\Sandcastle\Presentation\VS2010\branding\branding-es-ES.xslt -> D:\_Projets\Navegar\_Sources\Documentation\Navegar.Win8\Help\Working\branding\branding-es-ES.xslt
    C:\Program Files (x86)\Sandcastle\Presentation\VS2010\branding\branding-fr-FR.xslt -> D:\_Projets\Navegar\_Sources\Documentation\Navegar.Win8\Help\Working\branding\branding-fr-FR.xslt
    C:\Program Files (x86)\Sandcastle\Presentation\VS2010\branding\branding-it-IT.xslt -> D:\_Projets\Navegar\_Sources\Documentation\Navegar.Win8\Help\Working\branding\branding-it-IT.xslt
    C:\Program Files (x86)\Sandcastle\Presentation\VS2010\branding\branding-ja-JP.xslt -> D:\_Projets\Navegar\_Sources\Documentation\Navegar.Win8\Help\Working\branding\branding-ja-JP.xslt
    C:\Program Files (x86)\Sandcastle\Presentation\VS2010\branding\branding-ko-KR.xslt -> D:\_Projets\Navegar\_Sources\Documentation\Navegar.Win8\Help\Working\branding\branding-ko-KR.xslt
    C:\Program Files (x86)\Sandcastle\Presentation\VS2010\branding\branding-pl-PL.xslt -> D:\_Projets\Navegar\_Sources\Documentation\Navegar.Win8\Help\Working\branding\branding-pl-PL.xslt
    C:\Program Files (x86)\Sandcastle\Presentation\VS2010\branding\branding-pt-BR.xslt -> D:\_Projets\Navegar\_Sources\Documentation\Navegar.Win8\Help\Working\branding\branding-pt-BR.xslt
    C:\Program Files (x86)\Sandcastle\Presentation\VS2010\branding\branding-ru-RU.xslt -> D:\_Projets\Navegar\_Sources\Documentation\Navegar.Win8\Help\Working\branding\branding-ru-RU.xslt
    C:\Program Files (x86)\Sandcastle\Presentation\VS2010\branding\branding-tr-TR.xslt -> D:\_Projets\Navegar\_Sources\Documentation\Navegar.Win8\Help\Working\branding\branding-tr-TR.xslt
    C:\Program Files (x86)\Sandcastle\Presentation\VS2010\branding\branding-zh-CN.xslt -> D:\_Projets\Navegar\_Sources\Documentation\Navegar.Win8\Help\Working\branding\branding-zh-CN.xslt
    C:\Program Files (x86)\Sandcastle\Presentation\VS2010\branding\branding-zh-TW.xslt -> D:\_Projets\Navegar\_Sources\Documentation\Navegar.Win8\Help\Working\branding\branding-zh-TW.xslt
    C:\Program Files (x86)\Sandcastle\Presentation\VS2010\branding\ps-body.xslt -> D:\_Projets\Navegar\_Sources\Documentation\Navegar.Win8\Help\Working\branding\ps-body.xslt
    C:\Program Files (x86)\Sandcastle\Presentation\VS2010\branding\ps-head.xslt -> D:\_Projets\Navegar\_Sources\Documentation\Navegar.Win8\Help\Working\branding\ps-head.xslt
    C:\Program Files (x86)\Sandcastle\Presentation\VS2010\branding\ps-foot.xslt -> D:\_Projets\Navegar\_Sources\Documentation\Navegar.Win8\Help\Working\branding\ps-foot.xslt
    C:\Program Files (x86)\Sandcastle\Presentation\VS2010\branding\ps-collapsibleArea.xslt -> D:\_Projets\Navegar\_Sources\Documentation\Navegar.Win8\Help\Working\branding\ps-collapsibleArea.xslt
    C:\Program Files (x86)\Sandcastle\Presentation\VS2010\branding\ps-instrumentedLink.xslt -> D:\_Projets\Navegar\_Sources\Documentation\Navegar.Win8\Help\Working\branding\ps-instrumentedLink.xslt
    C:\Program Files (x86)\Sandcastle\Presentation\VS2010\branding\ps-languageSpecificText.xslt -> D:\_Projets\Navegar\_Sources\Documentation\Navegar.Win8\Help\Working\branding\ps-languageSpecificText.xslt
    C:\Program Files (x86)\Sandcastle\Presentation\VS2010\branding\ps-codesnippet.xslt -> D:\_Projets\Navegar\_Sources\Documentation\Navegar.Win8\Help\Working\branding\ps-codesnippet.xslt
    Last step completed in 00:00:01.4210
</buildStep>
<buildStep step="CopyAdditionalContent">
Copying additional content files...
No additional content to copy
    Last step completed in 00:00:00.0000
</buildStep>
<buildStep step="MergeTablesOfContents">
Merging conceptual and additional tables of contents...
    Last step completed in 00:00:00.0000
</buildStep>
<buildStep step="GenerateIntermediateTableOfContents">
Generating intermediate table of contents file...
[C:\Program Files (x86)\MSBuild\12.0\bin\MSBuild.exe]
  XslTransform (v2.7.4.0)
  Copyright &#184; 2006-2013, Microsoft Corporation, All Rights Reserved.
  Portions Copyright &#184; 2006-2013, Eric Woodruff, All Rights Reserved.
  Info: Applying XSL transformation &#39;C:\Program Files (x86)\Sandcastle\\ProductionTransforms\CreateVSToc.xsl&#39;.
Generating conceptual content intermediate TOC file...
    Last step completed in 00:00:00.3275
</buildStep>
<buildStep step="CreateBuildAssemblerConfigs">
Creating Sandcastle configuration files...
    sandcastle.config
    Last step completed in 00:00:00.0320
</buildStep>
<buildStep step="MergeCustomConfigs">
Merging custom build component configurations
D:\_Projets\Navegar\_Sources\Documentation\Navegar.Win8\Help\Working\sandcastle.config
    Last step completed in 00:00:00.3751
</buildStep>
<buildStep step="BuildReferenceTopics">
Building reference help topics...
[C:\Program Files (x86)\MSBuild\12.0\bin\MSBuild.exe]
  BuildAssembler (v2.7.4.0)
  Copyright &#184; 2006-2013, Microsoft Corporation, All Rights Reserved.
  Portions Copyright &#184; 2006-2013, Eric Woodruff, All Rights Reserved.
  Info: Loading configuration...
  Info: Processing topics...
  Warn: ResolveReferenceLinksComponent2: [M:Navegar.Win8.INavigation.GetViewModelCurrent] Unknown reference link target &#39;T:GalaSoft.MvvmLight.ViewModelBase&#39;.
  Warn: ResolveReferenceLinksComponent2: [M:Navegar.Win8.INavigation.GetViewModelCurrent] Unknown reference link target &#39;T:GalaSoft.MvvmLight.ViewModelBase&#39;.
  Warn: ResolveReferenceLinksComponent2: [M:Navegar.Win8.INavigation.GetViewModelInstance``1] Unknown reference link target &#39;T:GalaSoft.MvvmLight.ViewModelBase&#39;.
  Warn: ResolveReferenceLinksComponent2: [M:Navegar.Win8.INavigation.InitializeRootFrame(Windows.UI.Xaml.Controls.Frame)] Unknown reference link target &#39;T:Windows.UI.Xaml.Controls.Frame&#39;.
  Warn: ResolveReferenceLinksComponent2: [M:Navegar.Win8.INavigation.InitializeRootFrame(Windows.UI.Xaml.Controls.Frame)] Unknown reference link target &#39;T:Windows.UI.Xaml.Controls.Frame&#39;.
  Warn: ResolveReferenceLinksComponent2: [M:Navegar.Win8.INavigation.NavigateTo``1(GalaSoft.MvvmLight.ViewModelBase,System.Object[],System.Boolean)] Unknown reference link target &#39;T:GalaSoft.MvvmLight.ViewModelBase&#39;.
  Warn: ResolveReferenceLinksComponent2: [M:Navegar.Win8.INavigation.NavigateTo``1(GalaSoft.MvvmLight.ViewModelBase,System.Object[],System.Boolean)] Unknown reference link target &#39;T:GalaSoft.MvvmLight.ViewModelBase&#39;.
  Warn: ResolveReferenceLinksComponent2: [M:Navegar.Win8.INavigation.NavigateTo``1(GalaSoft.MvvmLight.ViewModelBase,System.Object[],System.String,System.Object[],System.Boolean)] Unknown reference link target &#39;T:GalaSoft.MvvmLight.ViewModelBase&#39;.
  Warn: ResolveReferenceLinksComponent2: [M:Navegar.Win8.INavigation.NavigateTo``1(GalaSoft.MvvmLight.ViewModelBase,System.Object[],System.String,System.Object[],System.Boolean)] Unknown reference link target &#39;T:GalaSoft.MvvmLight.ViewModelBase&#39;.
  Warn: ResolveReferenceLinksComponent2: [P:Navegar.Win8.INavigation.PreviewNavigate] Unknown reference link target &#39;T:GalaSoft.MvvmLight.ViewModelBase&#39;.
  Warn: ResolveReferenceLinksComponent2: [P:Navegar.Win8.INavigation.PreviewNavigate] Unknown reference link target &#39;T:GalaSoft.MvvmLight.ViewModelBase&#39;.
  Warn: ResolveReferenceLinksComponent2: [M:Navegar.Win8.INavigation.RegisterView``2] Unknown reference link target &#39;T:GalaSoft.MvvmLight.ViewModelBase&#39;.
  Warn: ResolveReferenceLinksComponent2: [M:Navegar.Win8.INavigation.RegisterView``2] Unknown reference link target &#39;T:Windows.UI.Xaml.Controls.Page&#39;.
  Warn: ResolveReferenceLinksComponent2: [M:Navegar.Win8.Navigation.GetViewModelCurrent] Unknown reference link target &#39;T:GalaSoft.MvvmLight.ViewModelBase&#39;.
  Warn: ResolveReferenceLinksComponent2: [M:Navegar.Win8.Navigation.GetViewModelCurrent] Unknown reference link target &#39;T:GalaSoft.MvvmLight.ViewModelBase&#39;.
  Warn: ResolveReferenceLinksComponent2: [M:Navegar.Win8.Navigation.GetViewModelInstance``1] Unknown reference link target &#39;T:GalaSoft.MvvmLight.ViewModelBase&#39;.
  Warn: ResolveReferenceLinksComponent2: [M:Navegar.Win8.Navigation.InitializeRootFrame(Windows.UI.Xaml.Controls.Frame)] Unknown reference link target &#39;T:Windows.UI.Xaml.Controls.Frame&#39;.
  Warn: ResolveReferenceLinksComponent2: [M:Navegar.Win8.Navigation.InitializeRootFrame(Windows.UI.Xaml.Controls.Frame)] Unknown reference link target &#39;T:Windows.UI.Xaml.Controls.Frame&#39;.
  Warn: ResolveReferenceLinksComponent2: [M:Navegar.Win8.Navigation.NavigateTo``1(GalaSoft.MvvmLight.ViewModelBase,System.Object[],System.Boolean)] Unknown reference link target &#39;T:GalaSoft.MvvmLight.ViewModelBase&#39;.
  Warn: ResolveReferenceLinksComponent2: [M:Navegar.Win8.Navigation.NavigateTo``1(GalaSoft.MvvmLight.ViewModelBase,System.Object[],System.Boolean)] Unknown reference link target &#39;T:GalaSoft.MvvmLight.ViewModelBase&#39;.
  Warn: ResolveReferenceLinksComponent2: [M:Navegar.Win8.Navigation.NavigateTo``1(GalaSoft.MvvmLight.ViewModelBase,System.Object[],System.String,System.Object[],System.Boolean)] Unknown reference link target &#39;T:GalaSoft.MvvmLight.ViewModelBase&#39;.
  Warn: ResolveReferenceLinksComponent2: [M:Navegar.Win8.Navigation.NavigateTo``1(GalaSoft.MvvmLight.ViewModelBase,System.Object[],System.String,System.Object[],System.Boolean)] Unknown reference link target &#39;T:GalaSoft.MvvmLight.ViewModelBase&#39;.
  Warn: ResolveReferenceLinksComponent2: [P:Navegar.Win8.Navigation.PreviewNavigate] Unknown reference link target &#39;T:GalaSoft.MvvmLight.ViewModelBase&#39;.
  Warn: ResolveReferenceLinksComponent2: [P:Navegar.Win8.Navigation.PreviewNavigate] Unknown reference link target &#39;T:GalaSoft.MvvmLight.ViewModelBase&#39;.
  Warn: ResolveReferenceLinksComponent2: [M:Navegar.Win8.Navigation.RegisterView``2] Unknown reference link target &#39;T:GalaSoft.MvvmLight.ViewModelBase&#39;.
  Warn: ResolveReferenceLinksComponent2: [M:Navegar.Win8.Navigation.RegisterView``2] Unknown reference link target &#39;T:Windows.UI.Xaml.Controls.Page&#39;.
  Warn: ResolveReferenceLinksComponent2: [T:Navegar.Win8.PreNavigateDelegate`1] Unknown reference link target &#39;T:GalaSoft.MvvmLight.ViewModelBase&#39;.
  Info: Processed 72 topic(s)
  Info: 27 warning(s)
  Diagnostic: CopyFromIndexComponent: &quot;reflection&quot; in-memory cache entries used: 2 of 15.
  Diagnostic: CopyFromIndexComponent: &quot;comments&quot; in-memory cache entries used: 1 of 30.
    Last step completed in 00:00:05.1503
</buildStep>
<buildStep step="CombiningIntermediateTocFiles">
Combining conceptual and API intermediate TOC files...
    Last step completed in 00:00:00.0015
</buildStep>
<buildStep step="ExtractingHtmlInfo">
Extracting HTML info for HTML Help 1 and/or website...
[C:\Program Files (x86)\MSBuild\12.0\bin\MSBuild.exe]
Sandcastle Help File Builder, version 1.9.8.0
Copyright &#184; 2006-2013, Eric Woodruff, All Rights Reserved
E-Mail: Eric@EWoodruff.us

Using LCID &#39;1036&#39;, code page &#39;1252&#39;, encoding charset &#39;Windows-1252&#39;.

Processing Help 1 files in D:\_Projets\Navegar\_Sources\Documentation\Navegar.Win8\Help\Working\Output\HtmlHelp1
Processed 72 HTML files
Sorting keywords and generating See Also indices
Saving HTML Help 1 keyword index to D:\_Projets\Navegar\_Sources\Documentation\Navegar.Win8\Help\Working\Navegar.Win8.hhk
Saving HTML Help 1 table of contents to D:\_Projets\Navegar\_Sources\Documentation\Navegar.Win8\Help\Working\Navegar.Win8.hhc
    Last step completed in 00:00:00.4851
</buildStep>
<buildStep step="CopyStandardHelpContent">
Copying standard help content...
C:\Program Files (x86)\Sandcastle\\Presentation\VS2010\icons\1_404_bullet.gif -&gt; D:\_Projets\Navegar\_Sources\Documentation\Navegar.Win8\Help\Working\Output\HtmlHelp1\icons\1_404_bullet.gif
C:\Program Files (x86)\Sandcastle\\Presentation\VS2010\icons\2_404_bullet.gif -&gt; D:\_Projets\Navegar\_Sources\Documentation\Navegar.Win8\Help\Working\Output\HtmlHelp1\icons\2_404_bullet.gif
C:\Program Files (x86)\Sandcastle\\Presentation\VS2010\icons\alert_caution.gif -&gt; D:\_Projets\Navegar\_Sources\Documentation\Navegar.Win8\Help\Working\Output\HtmlHelp1\icons\alert_caution.gif
C:\Program Files (x86)\Sandcastle\\Presentation\VS2010\icons\alert_note.gif -&gt; D:\_Projets\Navegar\_Sources\Documentation\Navegar.Win8\Help\Working\Output\HtmlHelp1\icons\alert_note.gif
C:\Program Files (x86)\Sandcastle\\Presentation\VS2010\icons\alert_security.gif -&gt; D:\_Projets\Navegar\_Sources\Documentation\Navegar.Win8\Help\Working\Output\HtmlHelp1\icons\alert_security.gif
C:\Program Files (x86)\Sandcastle\\Presentation\VS2010\icons\CFW.gif -&gt; D:\_Projets\Navegar\_Sources\Documentation\Navegar.Win8\Help\Working\Output\HtmlHelp1\icons\CFW.gif
C:\Program Files (x86)\Sandcastle\\Presentation\VS2010\icons\close.gif -&gt; D:\_Projets\Navegar\_Sources\Documentation\Navegar.Win8\Help\Working\Output\HtmlHelp1\icons\close.gif
C:\Program Files (x86)\Sandcastle\\Presentation\VS2010\icons\favicon.ico -&gt; D:\_Projets\Navegar\_Sources\Documentation\Navegar.Win8\Help\Working\Output\HtmlHelp1\icons\favicon.ico
C:\Program Files (x86)\Sandcastle\\Presentation\VS2010\icons\footer_slice.gif -&gt; D:\_Projets\Navegar\_Sources\Documentation\Navegar.Win8\Help\Working\Output\HtmlHelp1\icons\footer_slice.gif
C:\Program Files (x86)\Sandcastle\\Presentation\VS2010\icons\info_icon.gif -&gt; D:\_Projets\Navegar\_Sources\Documentation\Navegar.Win8\Help\Working\Output\HtmlHelp1\icons\info_icon.gif
C:\Program Files (x86)\Sandcastle\\Presentation\VS2010\icons\note.gif -&gt; D:\_Projets\Navegar\_Sources\Documentation\Navegar.Win8\Help\Working\Output\HtmlHelp1\icons\note.gif
C:\Program Files (x86)\Sandcastle\\Presentation\VS2010\icons\online_icon.gif -&gt; D:\_Projets\Navegar\_Sources\Documentation\Navegar.Win8\Help\Working\Output\HtmlHelp1\icons\online_icon.gif
C:\Program Files (x86)\Sandcastle\\Presentation\VS2010\icons\open.gif -&gt; D:\_Projets\Navegar\_Sources\Documentation\Navegar.Win8\Help\Working\Output\HtmlHelp1\icons\open.gif
C:\Program Files (x86)\Sandcastle\\Presentation\VS2010\icons\pencil.GIF -&gt; D:\_Projets\Navegar\_Sources\Documentation\Navegar.Win8\Help\Working\Output\HtmlHelp1\icons\pencil.GIF
C:\Program Files (x86)\Sandcastle\\Presentation\VS2010\icons\privclass.gif -&gt; D:\_Projets\Navegar\_Sources\Documentation\Navegar.Win8\Help\Working\Output\HtmlHelp1\icons\privclass.gif
C:\Program Files (x86)\Sandcastle\\Presentation\VS2010\icons\privdelegate.gif -&gt; D:\_Projets\Navegar\_Sources\Documentation\Navegar.Win8\Help\Working\Output\HtmlHelp1\icons\privdelegate.gif
C:\Program Files (x86)\Sandcastle\\Presentation\VS2010\icons\privenumeration.gif -&gt; D:\_Projets\Navegar\_Sources\Documentation\Navegar.Win8\Help\Working\Output\HtmlHelp1\icons\privenumeration.gif
C:\Program Files (x86)\Sandcastle\\Presentation\VS2010\icons\privevent.gif -&gt; D:\_Projets\Navegar\_Sources\Documentation\Navegar.Win8\Help\Working\Output\HtmlHelp1\icons\privevent.gif
C:\Program Files (x86)\Sandcastle\\Presentation\VS2010\icons\privextension.gif -&gt; D:\_Projets\Navegar\_Sources\Documentation\Navegar.Win8\Help\Working\Output\HtmlHelp1\icons\privextension.gif
C:\Program Files (x86)\Sandcastle\\Presentation\VS2010\icons\privfield.gif -&gt; D:\_Projets\Navegar\_Sources\Documentation\Navegar.Win8\Help\Working\Output\HtmlHelp1\icons\privfield.gif
C:\Program Files (x86)\Sandcastle\\Presentation\VS2010\icons\privinterface.gif -&gt; D:\_Projets\Navegar\_Sources\Documentation\Navegar.Win8\Help\Working\Output\HtmlHelp1\icons\privinterface.gif
C:\Program Files (x86)\Sandcastle\\Presentation\VS2010\icons\privmethod.gif -&gt; D:\_Projets\Navegar\_Sources\Documentation\Navegar.Win8\Help\Working\Output\HtmlHelp1\icons\privmethod.gif
C:\Program Files (x86)\Sandcastle\\Presentation\VS2010\icons\privproperty.gif -&gt; D:\_Projets\Navegar\_Sources\Documentation\Navegar.Win8\Help\Working\Output\HtmlHelp1\icons\privproperty.gif
C:\Program Files (x86)\Sandcastle\\Presentation\VS2010\icons\privstructure.gif -&gt; D:\_Projets\Navegar\_Sources\Documentation\Navegar.Win8\Help\Working\Output\HtmlHelp1\icons\privstructure.gif
C:\Program Files (x86)\Sandcastle\\Presentation\VS2010\icons\protclass.gif -&gt; D:\_Projets\Navegar\_Sources\Documentation\Navegar.Win8\Help\Working\Output\HtmlHelp1\icons\protclass.gif
C:\Program Files (x86)\Sandcastle\\Presentation\VS2010\icons\protdelegate.gif -&gt; D:\_Projets\Navegar\_Sources\Documentation\Navegar.Win8\Help\Working\Output\HtmlHelp1\icons\protdelegate.gif
C:\Program Files (x86)\Sandcastle\\Presentation\VS2010\icons\protenumeration.gif -&gt; D:\_Projets\Navegar\_Sources\Documentation\Navegar.Win8\Help\Working\Output\HtmlHelp1\icons\protenumeration.gif
C:\Program Files (x86)\Sandcastle\\Presentation\VS2010\icons\protevent.gif -&gt; D:\_Projets\Navegar\_Sources\Documentation\Navegar.Win8\Help\Working\Output\HtmlHelp1\icons\protevent.gif
C:\Program Files (x86)\Sandcastle\\Presentation\VS2010\icons\protextension.gif -&gt; D:\_Projets\Navegar\_Sources\Documentation\Navegar.Win8\Help\Working\Output\HtmlHelp1\icons\protextension.gif
C:\Program Files (x86)\Sandcastle\\Presentation\VS2010\icons\protfield.gif -&gt; D:\_Projets\Navegar\_Sources\Documentation\Navegar.Win8\Help\Working\Output\HtmlHelp1\icons\protfield.gif
C:\Program Files (x86)\Sandcastle\\Presentation\VS2010\icons\protinterface.gif -&gt; D:\_Projets\Navegar\_Sources\Documentation\Navegar.Win8\Help\Working\Output\HtmlHelp1\icons\protinterface.gif
C:\Program Files (x86)\Sandcastle\\Presentation\VS2010\icons\protmethod.gif -&gt; D:\_Projets\Navegar\_Sources\Documentation\Navegar.Win8\Help\Working\Output\HtmlHelp1\icons\protmethod.gif
C:\Program Files (x86)\Sandcastle\\Presentation\VS2010\icons\protoperator.gif -&gt; D:\_Projets\Navegar\_Sources\Documentation\Navegar.Win8\Help\Working\Output\HtmlHelp1\icons\protoperator.gif
C:\Program Files (x86)\Sandcastle\\Presentation\VS2010\icons\protproperty.gif -&gt; D:\_Projets\Navegar\_Sources\Documentation\Navegar.Win8\Help\Working\Output\HtmlHelp1\icons\protproperty.gif
C:\Program Files (x86)\Sandcastle\\Presentation\VS2010\icons\protstructure.gif -&gt; D:\_Projets\Navegar\_Sources\Documentation\Navegar.Win8\Help\Working\Output\HtmlHelp1\icons\protstructure.gif
C:\Program Files (x86)\Sandcastle\\Presentation\VS2010\icons\pubclass.gif -&gt; D:\_Projets\Navegar\_Sources\Documentation\Navegar.Win8\Help\Working\Output\HtmlHelp1\icons\pubclass.gif
C:\Program Files (x86)\Sandcastle\\Presentation\VS2010\icons\pubdelegate.gif -&gt; D:\_Projets\Navegar\_Sources\Documentation\Navegar.Win8\Help\Working\Output\HtmlHelp1\icons\pubdelegate.gif
C:\Program Files (x86)\Sandcastle\\Presentation\VS2010\icons\pubenumeration.gif -&gt; D:\_Projets\Navegar\_Sources\Documentation\Navegar.Win8\Help\Working\Output\HtmlHelp1\icons\pubenumeration.gif
C:\Program Files (x86)\Sandcastle\\Presentation\VS2010\icons\pubevent.gif -&gt; D:\_Projets\Navegar\_Sources\Documentation\Navegar.Win8\Help\Working\Output\HtmlHelp1\icons\pubevent.gif
C:\Program Files (x86)\Sandcastle\\Presentation\VS2010\icons\pubextension.gif -&gt; D:\_Projets\Navegar\_Sources\Documentation\Navegar.Win8\Help\Working\Output\HtmlHelp1\icons\pubextension.gif
C:\Program Files (x86)\Sandcastle\\Presentation\VS2010\icons\pubfield.gif -&gt; D:\_Projets\Navegar\_Sources\Documentation\Navegar.Win8\Help\Working\Output\HtmlHelp1\icons\pubfield.gif
C:\Program Files (x86)\Sandcastle\\Presentation\VS2010\icons\pubinterface.gif -&gt; D:\_Projets\Navegar\_Sources\Documentation\Navegar.Win8\Help\Working\Output\HtmlHelp1\icons\pubinterface.gif
C:\Program Files (x86)\Sandcastle\\Presentation\VS2010\icons\pubmethod.gif -&gt; D:\_Projets\Navegar\_Sources\Documentation\Navegar.Win8\Help\Working\Output\HtmlHelp1\icons\pubmethod.gif
C:\Program Files (x86)\Sandcastle\\Presentation\VS2010\icons\puboperator.gif -&gt; D:\_Projets\Navegar\_Sources\Documentation\Navegar.Win8\Help\Working\Output\HtmlHelp1\icons\puboperator.gif
C:\Program Files (x86)\Sandcastle\\Presentation\VS2010\icons\pubproperty.gif -&gt; D:\_Projets\Navegar\_Sources\Documentation\Navegar.Win8\Help\Working\Output\HtmlHelp1\icons\pubproperty.gif
C:\Program Files (x86)\Sandcastle\\Presentation\VS2010\icons\pubstructure.gif -&gt; D:\_Projets\Navegar\_Sources\Documentation\Navegar.Win8\Help\Working\Output\HtmlHelp1\icons\pubstructure.gif
C:\Program Files (x86)\Sandcastle\\Presentation\VS2010\icons\search.gif -&gt; D:\_Projets\Navegar\_Sources\Documentation\Navegar.Win8\Help\Working\Output\HtmlHelp1\icons\search.gif
C:\Program Files (x86)\Sandcastle\\Presentation\VS2010\icons\search_bk.gif -&gt; D:\_Projets\Navegar\_Sources\Documentation\Navegar.Win8\Help\Working\Output\HtmlHelp1\icons\search_bk.gif
C:\Program Files (x86)\Sandcastle\\Presentation\VS2010\icons\security.gif -&gt; D:\_Projets\Navegar\_Sources\Documentation\Navegar.Win8\Help\Working\Output\HtmlHelp1\icons\security.gif
C:\Program Files (x86)\Sandcastle\\Presentation\VS2010\icons\slMobile.gif -&gt; D:\_Projets\Navegar\_Sources\Documentation\Navegar.Win8\Help\Working\Output\HtmlHelp1\icons\slMobile.gif
C:\Program Files (x86)\Sandcastle\\Presentation\VS2010\icons\static.gif -&gt; D:\_Projets\Navegar\_Sources\Documentation\Navegar.Win8\Help\Working\Output\HtmlHelp1\icons\static.gif
C:\Program Files (x86)\Sandcastle\\Presentation\VS2010\icons\tabLeftBG.gif -&gt; D:\_Projets\Navegar\_Sources\Documentation\Navegar.Win8\Help\Working\Output\HtmlHelp1\icons\tabLeftBG.gif
C:\Program Files (x86)\Sandcastle\\Presentation\VS2010\icons\tabRightBG.gif -&gt; D:\_Projets\Navegar\_Sources\Documentation\Navegar.Win8\Help\Working\Output\HtmlHelp1\icons\tabRightBG.gif
C:\Program Files (x86)\Sandcastle\\Presentation\VS2010\icons\ui_om_collapse.gif -&gt; D:\_Projets\Navegar\_Sources\Documentation\Navegar.Win8\Help\Working\Output\HtmlHelp1\icons\ui_om_collapse.gif
C:\Program Files (x86)\Sandcastle\\Presentation\VS2010\icons\ui_om_expand.gif -&gt; D:\_Projets\Navegar\_Sources\Documentation\Navegar.Win8\Help\Working\Output\HtmlHelp1\icons\ui_om_expand.gif
C:\Program Files (x86)\Sandcastle\\Presentation\VS2010\icons\xna.gif -&gt; D:\_Projets\Navegar\_Sources\Documentation\Navegar.Win8\Help\Working\Output\HtmlHelp1\icons\xna.gif
C:\Program Files (x86)\Sandcastle\\Presentation\VS2010\scripts\branding.js -&gt; D:\_Projets\Navegar\_Sources\Documentation\Navegar.Win8\Help\Working\Output\HtmlHelp1\scripts\branding.js
C:\Program Files (x86)\Sandcastle\\Presentation\VS2010\styles\branding-cs-CZ.css -&gt; D:\_Projets\Navegar\_Sources\Documentation\Navegar.Win8\Help\Working\Output\HtmlHelp1\styles\branding-cs-CZ.css
C:\Program Files (x86)\Sandcastle\\Presentation\VS2010\styles\branding-de-DE.css -&gt; D:\_Projets\Navegar\_Sources\Documentation\Navegar.Win8\Help\Working\Output\HtmlHelp1\styles\branding-de-DE.css
C:\Program Files (x86)\Sandcastle\\Presentation\VS2010\styles\branding-en-US.css -&gt; D:\_Projets\Navegar\_Sources\Documentation\Navegar.Win8\Help\Working\Output\HtmlHelp1\styles\branding-en-US.css
C:\Program Files (x86)\Sandcastle\\Presentation\VS2010\styles\branding-es-ES.css -&gt; D:\_Projets\Navegar\_Sources\Documentation\Navegar.Win8\Help\Working\Output\HtmlHelp1\styles\branding-es-ES.css
C:\Program Files (x86)\Sandcastle\\Presentation\VS2010\styles\branding-fr-FR.css -&gt; D:\_Projets\Navegar\_Sources\Documentation\Navegar.Win8\Help\Working\Output\HtmlHelp1\styles\branding-fr-FR.css
C:\Program Files (x86)\Sandcastle\\Presentation\VS2010\styles\branding-it-IT.css -&gt; D:\_Projets\Navegar\_Sources\Documentation\Navegar.Win8\Help\Working\Output\HtmlHelp1\styles\branding-it-IT.css
C:\Program Files (x86)\Sandcastle\\Presentation\VS2010\styles\branding-ja-JP.css -&gt; D:\_Projets\Navegar\_Sources\Documentation\Navegar.Win8\Help\Working\Output\HtmlHelp1\styles\branding-ja-JP.css
C:\Program Files (x86)\Sandcastle\\Presentation\VS2010\styles\branding-ko-KR.css -&gt; D:\_Projets\Navegar\_Sources\Documentation\Navegar.Win8\Help\Working\Output\HtmlHelp1\styles\branding-ko-KR.css
C:\Program Files (x86)\Sandcastle\\Presentation\VS2010\styles\branding-pl-PL.css -&gt; D:\_Projets\Navegar\_Sources\Documentation\Navegar.Win8\Help\Working\Output\HtmlHelp1\styles\branding-pl-PL.css
C:\Program Files (x86)\Sandcastle\\Presentation\VS2010\styles\branding-pt-BR.css -&gt; D:\_Projets\Navegar\_Sources\Documentation\Navegar.Win8\Help\Working\Output\HtmlHelp1\styles\branding-pt-BR.css
C:\Program Files (x86)\Sandcastle\\Presentation\VS2010\styles\branding-ru-RU.css -&gt; D:\_Projets\Navegar\_Sources\Documentation\Navegar.Win8\Help\Working\Output\HtmlHelp1\styles\branding-ru-RU.css
C:\Program Files (x86)\Sandcastle\\Presentation\VS2010\styles\branding-tr-TR.css -&gt; D:\_Projets\Navegar\_Sources\Documentation\Navegar.Win8\Help\Working\Output\HtmlHelp1\styles\branding-tr-TR.css
C:\Program Files (x86)\Sandcastle\\Presentation\VS2010\styles\branding-zh-CN.css -&gt; D:\_Projets\Navegar\_Sources\Documentation\Navegar.Win8\Help\Working\Output\HtmlHelp1\styles\branding-zh-CN.css
C:\Program Files (x86)\Sandcastle\\Presentation\VS2010\styles\branding-zh-TW.css -&gt; D:\_Projets\Navegar\_Sources\Documentation\Navegar.Win8\Help\Working\Output\HtmlHelp1\styles\branding-zh-TW.css
C:\Program Files (x86)\Sandcastle\\Presentation\VS2010\styles\branding.css -&gt; D:\_Projets\Navegar\_Sources\Documentation\Navegar.Win8\Help\Working\Output\HtmlHelp1\styles\branding.css
    Last step completed in 00:00:00.0850
</buildStep>
<buildStep step="GenerateHelpFormatTableOfContents">
Generating HTML Help 1 table of contents file...
    Last step completed in 00:00:00.0000
</buildStep>
<buildStep step="GenerateHelpFileIndex">
Generating HTML Help 1 index file...
    Last step completed in 00:00:00.0000
</buildStep>
<buildStep step="GenerateHelpProject">
Generating HTML Help 1 project file...
    Last step completed in 00:00:00.0085
</buildStep>
<buildStep step="CompilingHelpFile">
Compiling HTML Help 1 file...
[C:\Program Files (x86)\MSBuild\12.0\bin\MSBuild.exe]
  Microsoft HTML Help Compiler 4.74.8702
  
  
  
  Compiling d:\_Projets\Navegar\_Sources\Documentation\Navegar.Win8\Help\Working\Output\HtmlHelp1\Navegar.Win8.chm
  
  
  
  
  
  Compile time: 0 minutes, 0 seconds
  
  74	Topics
  
  787	Local links
  
  141	Internet links
  
  0	Graphics
  
  
  
  
  
  Created d:\_Projets\Navegar\_Sources\Documentation\Navegar.Win8\Help\Working\Output\HtmlHelp1\Navegar.Win8.chm, 142,068 bytes
  
  Compression decreased file by 686,254 bytes.
  
    Last step completed in 00:00:01.0810
</buildStep>
<buildStep step="CleanIntermediates">
Removing intermediate files...
    Last step completed in 00:00:00.0605
</buildStep>
<buildStep step="Completed">

Build completed successfully at 04/25/2014 08:45 .  Total time: 00:00:11,7667

</buildStep>
</shfbBuild>
